<?xml version="1.0" encoding="utf-8"?><testsuites name="pytest tests"><testsuite name="pytest" errors="0" failures="1" skipped="0" tests="63" time="15.196" timestamp="2026-08-27T02:46:28.077930+00:00" hostname="agent-env-87e9e297-d31f-4b5a-99ed-25ad0c6881f5"><testcase classname="tests.backend_test.TestHealth" name="test_health" time="0.265" /><testcase classname="tests.backend_test.TestAuth" name="test_login_admin" time="0.229" /><testcase classname="tests.backend_test.TestAuth" name="test_login_sets_httponly_cookie" time="0.222" /><testcase classname="tests.backend_test.TestAuth" name="test_login_roles" time="0.383" /><testcase classname="tests.backend_test.TestAuth" name="test_login_wrong_password" time="0.278" /><testcase classname="tests.backend_test.TestAuth" name="test_me_requires_token" time="0.077" /><testcase classname="tests.backend_test.TestAuth" name="test_me_admin" time="0.388" /><testcase classname="tests.backend_test.TestAuth" name="test_invalid_token" time="0.057" /><testcase classname="tests.backend_test.TestAuth" name="test_bruteforce_lockout" time="0.836" /><testcase classname="tests.backend_test.TestPasswordHash" name="test_bcrypt_format" time="0.072" /><testcase classname="tests.backend_test.TestPlans" name="test_list_plans" time="0.107" /><testcase classname="tests.backend_test.TestPlans" name="test_plan_crud" time="0.581" /><testcase classname="tests.backend_test.TestPlans" name="test_plan_validation" time="0.079" /><testcase classname="tests.backend_test.TestPlans" name="test_plan_create_forbidden_for_personal" time="0.348" /><testcase classname="tests.backend_test.TestExercises" name="test_exercise_crud_admin" time="0.409" /><testcase classname="tests.backend_test.TestExercises" name="test_exercise_validation" time="0.050" /><testcase classname="tests.backend_test.TestExercises" name="test_exercise_read_by_aluno" time="0.350" /><testcase classname="tests.backend_test.TestExercises" name="test_exercise_create_forbidden_for_aluno" time="0.069" /><testcase classname="tests.backend_test.TestUsers" name="test_list_users_admin" time="0.087" /><testcase classname="tests.backend_test.TestUsers" name="test_list_users_filter_role" time="0.085" /><testcase classname="tests.backend_test.TestUsers" name="test_personal_sees_only_own_students" time="0.058" /><testcase classname="tests.backend_test.TestUsers" name="test_admin_full_student_lifecycle" time="1.320" /><testcase classname="tests.backend_test.TestUsers" name="test_user_validation" time="0.067" /><testcase classname="tests.backend_test.TestUsers" name="test_personal_creates_student_auto_linked" time="0.329" /><testcase classname="tests.backend_test.TestUsers" name="test_aluno_cannot_list_users" time="0.080" /><testcase classname="tests.backend_test.TestPayments" name="test_list_payments_admin" time="0.077" /><testcase classname="tests.backend_test.TestPayments" name="test_payments_forbidden_personal_and_aluno" time="0.132" /><testcase classname="tests.backend_test.TestPayments" name="test_payment_crud_and_mark_paid" time="0.561" /><testcase classname="tests.backend_test.TestPayments" name="test_payment_validation" time="0.069" /><testcase classname="tests.backend_test.TestPayments" name="test_payment_update_404" time="0.071" /><testcase classname="tests.backend_test.TestWorkouts" name="test_list_workouts_personal" time="0.053" /><testcase classname="tests.backend_test.TestWorkouts" name="test_workout_crud" time="0.491" /><testcase classname="tests.backend_test.TestWorkouts" name="test_workout_validation" time="0.054" /><testcase classname="tests.backend_test.TestWorkouts" name="test_workout_forbidden_for_aluno" time="0.079" /><testcase classname="tests.backend_test.TestSessions" name="test_session_crud" time="0.365" /><testcase classname="tests.backend_test.TestSessions" name="test_session_validation" time="0.047" /><testcase classname="tests.backend_test.TestSessions" name="test_session_forbidden_for_aluno" time="0.071" /><testcase classname="tests.backend_test.TestStats" name="test_admin_stats" time="0.094" /><testcase classname="tests.backend_test.TestStats" name="test_admin_stats_forbidden" time="0.122" /><testcase classname="tests.backend_test.TestStats" name="test_personal_stats" time="0.054" /><testcase classname="tests.backend_test.TestStats" name="test_personal_stats_forbidden_admin" time="0.072" /><testcase classname="tests.backend_test.TestStudent" name="test_today" time="0.080" /><testcase classname="tests.backend_test.TestStudent" name="test_complete_workout_idempotency" time="0.319" /><testcase classname="tests.backend_test.TestStudent" name="test_history" time="0.078" /><testcase classname="tests.backend_test.TestStudent" name="test_measurements" time="0.160" /><testcase classname="tests.backend_test.TestStudent" name="test_membership" time="0.083" /><testcase classname="tests.backend_test.TestStudent" name="test_student_routes_forbidden_for_others" time="0.276" /><testcase classname="tests.backend_test.TestStudent" name="test_student_routes_require_auth" time="0.063" /><testcase classname="tests.test_anamnesis_measurements.TestAnamnesisAdmin" name="test_create_student_with_anamnesis_persists" time="0.232" /><testcase classname="tests.test_anamnesis_measurements.TestAnamnesisAdmin" name="test_update_anamnesis_persists" time="0.319" /><testcase classname="tests.test_anamnesis_measurements.TestAnamnesisPersonal" name="test_personal_creates_student_with_anamnesis" time="0.183" /><testcase classname="tests.test_anamnesis_measurements.TestMeasurements" name="test_personal_post_and_get_measurements" time="0.332" /><testcase classname="tests.test_anamnesis_measurements.TestMeasurements" name="test_admin_can_access_measurements" time="0.076" /><testcase classname="tests.test_anamnesis_measurements.TestMeasurements" name="test_default_date_applied" time="0.078" /><testcase classname="tests.test_anamnesis_measurements.TestMeasurements" name="test_student_sees_measurements_in_evolucao" time="0.303" /><testcase classname="tests.test_anamnesis_measurements.TestMeasurements" name="test_other_personal_cannot_access" time="0.567" /><testcase classname="tests.test_anamnesis_measurements.TestMeasurements" name="test_aluno_forbidden" time="0.157" /><testcase classname="tests.test_anamnesis_measurements.TestMeasurements" name="test_requires_auth" time="0.058" /><testcase classname="tests.test_anamnesis_measurements.TestMeasurements" name="test_unknown_student_404" time="0.173" /><testcase classname="tests.test_anamnesis_measurements.TestMeasurements" name="test_empty_payload_validation" time="0.983"><failure message="AssertionError: POST with no measures should be rejected, got 201: {&quot;studentId&quot;:&quot;6a8fa50fc8868b01b31a7b3d&quot;,&quot;date&quot;:&quot;2026-08-27&quot;,&quot;createdAt&quot;:&quot;2026-08-27T02:46:40.954Z&quot;,&quot;updatedAt&quot;:&quot;2026-08-27T02:46:40.954Z&quot;,&quot;id&quot;:&quot;6a8fa510c8868b01b31a7b68&quot;}&#10;assert 201 == 400&#10; +  where 201 = &lt;Response [201]&gt;.status_code">E   AssertionError: POST with no measures should be rejected, got 201: {"studentId":"6a8fa50fc8868b01b31a7b3d","date":"2026-08-27","createdAt":"2026-08-27T02:46:40.954Z","updatedAt":"2026-08-27T02:46:40.954Z","id":"6a8fa510c8868b01b31a7b68"}
    assert 201 == 400
     +  where 201 = &lt;Response [201]&gt;.status_code</failure></testcase><testcase classname="tests.test_security_ownership" name="test_personal_b_cannot_modify_personal_a_workout" time="0.837" /><testcase classname="tests.test_security_ownership" name="test_personal_b_cannot_modify_personal_a_session" time="0.256" /><testcase classname="tests.test_security_ownership" name="test_workout_personalid_cannot_be_overwritten" time="0.293" /></testsuite></testsuites>