<?xml version="1.0" encoding="utf-8"?><testsuites name="pytest tests"><testsuite name="pytest" errors="0" failures="0" skipped="0" tests="48" time="10.371" timestamp="2026-08-27T02:30:24.525766+00:00" hostname="agent-env-87e9e297-d31f-4b5a-99ed-25ad0c6881f5"><testcase classname="backend_test.TestHealth" name="test_health" time="0.197" /><testcase classname="backend_test.TestAuth" name="test_login_admin" time="0.216" /><testcase classname="backend_test.TestAuth" name="test_login_sets_httponly_cookie" time="0.256" /><testcase classname="backend_test.TestAuth" name="test_login_roles" time="0.522" /><testcase classname="backend_test.TestAuth" name="test_login_wrong_password" time="0.208" /><testcase classname="backend_test.TestAuth" name="test_me_requires_token" time="0.074" /><testcase classname="backend_test.TestAuth" name="test_me_admin" time="0.371" /><testcase classname="backend_test.TestAuth" name="test_invalid_token" time="0.071" /><testcase classname="backend_test.TestAuth" name="test_bruteforce_lockout" time="0.867" /><testcase classname="backend_test.TestPasswordHash" name="test_bcrypt_format" time="0.065" /><testcase classname="backend_test.TestPlans" name="test_list_plans" time="0.091" /><testcase classname="backend_test.TestPlans" name="test_plan_crud" time="0.411" /><testcase classname="backend_test.TestPlans" name="test_plan_validation" time="0.060" /><testcase classname="backend_test.TestPlans" name="test_plan_create_forbidden_for_personal" time="0.363" /><testcase classname="backend_test.TestExercises" name="test_exercise_crud_admin" time="0.286" /><testcase classname="backend_test.TestExercises" name="test_exercise_validation" time="0.081" /><testcase classname="backend_test.TestExercises" name="test_exercise_read_by_aluno" time="0.386" /><testcase classname="backend_test.TestExercises" name="test_exercise_create_forbidden_for_aluno" time="0.077" /><testcase classname="backend_test.TestUsers" name="test_list_users_admin" time="0.062" /><testcase classname="backend_test.TestUsers" name="test_list_users_filter_role" time="0.062" /><testcase classname="backend_test.TestUsers" name="test_personal_sees_only_own_students" time="0.095" /><testcase classname="backend_test.TestUsers" name="test_admin_full_student_lifecycle" time="1.276" /><testcase classname="backend_test.TestUsers" name="test_user_validation" time="0.061" /><testcase classname="backend_test.TestUsers" name="test_personal_creates_student_auto_linked" time="0.342" /><testcase classname="backend_test.TestUsers" name="test_aluno_cannot_list_users" time="0.088" /><testcase classname="backend_test.TestPayments" name="test_list_payments_admin" time="0.077" /><testcase classname="backend_test.TestPayments" name="test_payments_forbidden_personal_and_aluno" time="0.142" /><testcase classname="backend_test.TestPayments" name="test_payment_crud_and_mark_paid" time="0.361" /><testcase classname="backend_test.TestPayments" name="test_payment_validation" time="0.056" /><testcase classname="backend_test.TestPayments" name="test_payment_update_404" time="0.065" /><testcase classname="backend_test.TestWorkouts" name="test_list_workouts_personal" time="0.085" /><testcase classname="backend_test.TestWorkouts" name="test_workout_crud" time="0.621" /><testcase classname="backend_test.TestWorkouts" name="test_workout_validation" time="0.063" /><testcase classname="backend_test.TestWorkouts" name="test_workout_forbidden_for_aluno" time="0.091" /><testcase classname="backend_test.TestSessions" name="test_session_crud" time="0.525" /><testcase classname="backend_test.TestSessions" name="test_session_validation" time="0.096" /><testcase classname="backend_test.TestSessions" name="test_session_forbidden_for_aluno" time="0.083" /><testcase classname="backend_test.TestStats" name="test_admin_stats" time="0.075" /><testcase classname="backend_test.TestStats" name="test_admin_stats_forbidden" time="0.170" /><testcase classname="backend_test.TestStats" name="test_personal_stats" time="0.073" /><testcase classname="backend_test.TestStats" name="test_personal_stats_forbidden_admin" time="0.050" /><testcase classname="backend_test.TestStudent" name="test_today" time="0.075" /><testcase classname="backend_test.TestStudent" name="test_complete_workout_idempotency" time="0.311" /><testcase classname="backend_test.TestStudent" name="test_history" time="0.073" /><testcase classname="backend_test.TestStudent" name="test_measurements" time="0.165" /><testcase classname="backend_test.TestStudent" name="test_membership" time="0.083" /><testcase classname="backend_test.TestStudent" name="test_student_routes_forbidden_for_others" time="0.283" /><testcase classname="backend_test.TestStudent" name="test_student_routes_require_auth" time="0.065" /></testsuite></testsuites>